app/build/intermediates/manifest_merge_blame_file/debug/manifest-merger-blame-debug-report.txt
1<?xml version="1.0" encoding="utf-8"?>
2<manifest xmlns:android="http://schemas.android.com/apk/res/android"
3    package="com.example.module2_toeic"
4    android:versionCode="1"
5    android:versionName="1.0" >
6
7    <uses-sdk
8        android:minSdkVersion="16"
8-->src\main\AndroidManifest.xml
9        android:targetSdkVersion="30" />
9-->src\main\AndroidManifest.xml
10
11    <uses-permission android:name="android.permission.INTERNET" />
11-->src\main\AndroidManifest.xml:5:5-67
11-->src\main\AndroidManifest.xml:5:22-64
12    <uses-permission android:name="android.permission.RECEIVE_BOOT_COMPLETED" />
12-->src\main\AndroidManifest.xml:6:5-80
12-->src\main\AndroidManifest.xml:6:22-78
13
14    <application
14-->src\main\AndroidManifest.xml:8:5-47:19
15        android:allowBackup="true"
15-->src\main\AndroidManifest.xml:9:9-35
16        android:appComponentFactory="androidx.core.app.CoreComponentFactory"
16-->[androidx.core:core:1.0.1] AndroidManifest.xml:22:18-86
17        android:debuggable="true"
18        android:icon="@mipmap/launchericon"
18-->src\main\AndroidManifest.xml:10:9-44
19        android:label="@string/app_name"
19-->src\main\AndroidManifest.xml:11:9-41
20        android:roundIcon="@mipmap/ic_launcher_round"
20-->src\main\AndroidManifest.xml:12:9-54
21        android:supportsRtl="true"
21-->src\main\AndroidManifest.xml:13:9-35
22        android:testOnly="true"
23        android:theme="@style/AppTheme"
23-->src\main\AndroidManifest.xml:14:9-40
24        android:usesCleartextTraffic="true" >
24-->src\main\AndroidManifest.xml:15:9-44
25        <activity android:name="com.example.module2_toeic.activities.NewWordActivity" >
25-->src\main\AndroidManifest.xml:16:9-18:20
25-->src\main\AndroidManifest.xml:16:19-61
26        </activity>
27        <activity android:name="com.example.module2_toeic.activities.AddWordActivity" />
27-->src\main\AndroidManifest.xml:19:9-64
27-->src\main\AndroidManifest.xml:19:19-61
28        <activity android:name="com.example.module2_toeic.activities.TopicActivity" />
28-->src\main\AndroidManifest.xml:20:9-62
28-->src\main\AndroidManifest.xml:20:19-59
29        <activity android:name="com.example.module2_toeic.activities.SettingActivity" />
29-->src\main\AndroidManifest.xml:21:9-64
29-->src\main\AndroidManifest.xml:21:19-61
30        <activity
30-->src\main\AndroidManifest.xml:22:9-26:20
31            android:name="com.example.module2_toeic.activities.StudyActivity"
31-->src\main\AndroidManifest.xml:23:13-53
32            android:theme="@style/AppThemeWithoutActionBar" >
32-->src\main\AndroidManifest.xml:24:13-60
33        </activity>
34        <activity
34-->src\main\AndroidManifest.xml:27:9-35:20
35            android:name="com.example.module2_toeic.activities.MainActivity"
35-->src\main\AndroidManifest.xml:28:13-52
36            android:theme="@style/AppThemeWithoutActionBar" >
36-->src\main\AndroidManifest.xml:29:13-60
37            <intent-filter>
37-->src\main\AndroidManifest.xml:30:13-34:29
38                <action android:name="android.intent.action.MAIN" />
38-->src\main\AndroidManifest.xml:31:17-69
38-->src\main\AndroidManifest.xml:31:25-66
39
40                <category android:name="android.intent.category.LAUNCHER" />
40-->src\main\AndroidManifest.xml:33:17-77
40-->src\main\AndroidManifest.xml:33:27-74
41            </intent-filter>
42        </activity>
43
44        <!-- <service android:name=".background.ReminderService" /> -->
45        <receiver android:name="com.example.module2_toeic.background.ReminderReceiver" />
45-->src\main\AndroidManifest.xml:38:9-64
45-->src\main\AndroidManifest.xml:38:19-62
46        <receiver android:name="com.example.module2_toeic.background.ResetAlarmReceiver" >
46-->src\main\AndroidManifest.xml:39:9-46:20
46-->src\main\AndroidManifest.xml:39:19-64
47            <intent-filter>
47-->src\main\AndroidManifest.xml:41:13-45:29
48                <action android:name="android.intent.action.BOOT_COMPLETED" />
48-->src\main\AndroidManifest.xml:42:17-78
48-->src\main\AndroidManifest.xml:42:25-76
49                <action android:name="android.intent.action.TIME_SET" />
49-->src\main\AndroidManifest.xml:43:17-72
49-->src\main\AndroidManifest.xml:43:25-70
50            </intent-filter>
51        </receiver>
52    </application>
53
54</manifest>